2025-03-12 08:54:47,466 - app.main - INFO - Pedido recebido: id=1 itens=['pizza', 'refrigerante'] total=50.0
2025-03-12 08:54:47,466 - app.main - INFO - Chuva detectada: False
2025-03-12 08:54:47,474 - app.main - INFO - Request: POST http://127.0.0.1:8000/pedido - Tempo: 0.8989s
2025-03-12 09:05:31,251 - app.main - INFO - Pedido recebido: id=1 itens=['pizza', 'refrigerante'] total=50.0
2025-03-12 09:05:31,253 - app.main - INFO - Chuva detectada: False
2025-03-12 09:08:03,127 - app.main - INFO - Pedido recebido: id=1 itens=['pizza', 'refrigerante'] total=50.0
2025-03-12 09:08:03,129 - app.main - INFO - Chuva detectada: False
2025-03-12 09:08:03,130 - app.main - INFO - Tempo de processamento: 1.0474s
2025-03-12 09:10:27,990 - app.main - INFO - Pedido recebido: id=1 itens=['pizza', 'refrigerante'] total=50.0
2025-03-12 09:10:27,995 - app.main - INFO - Chuva detectada: False
2025-03-12 09:10:27,997 - app.main - INFO - Tempo de processamento: 0.8854s
2025-03-12 09:11:19,376 - app.main - INFO - Pedido recebido: id=1 itens=['pizza', 'refrigerante'] total=50.0
2025-03-12 09:11:19,376 - app.main - INFO - Chuva detectada: False
2025-03-12 09:11:19,376 - app.main - INFO - Tempo de processamento: 1.0814s
2025-03-12 09:11:19,376 - app.main - INFO - Versão da API: 2.1.0
2025-03-12 09:24:09,361 - app.main - INFO - Pedido recebido: id=1 itens=['pizza', 'refrigerante'] total=50.0
2025-03-12 09:24:09,365 - app.main - INFO - Chuva detectada: False
2025-03-12 09:24:09,366 - app.main - INFO - Tempo de processamento: 1.3459s
2025-03-12 09:24:09,366 - app.main - INFO - Versao: 2.1.0
2025-03-12 09:26:14,639 - app.main - INFO - Tempo de processamento: 0.0000s
2025-03-12 09:26:14,639 - app.main - INFO - Versao: 2.1.0
2025-03-12 09:26:14,823 - app.main - INFO - Tempo de processamento: 0.0231s
2025-03-12 09:26:14,825 - app.main - INFO - Versao: 2.1.0
2025-03-12 11:05:35,185 - app.main - INFO - Tempo de processamento: 0.0160s
2025-03-12 11:05:35,185 - app.main - INFO - Versao: 2.1.0
2025-03-12 11:05:35,362 - app.main - INFO - Tempo de processamento: 0.0000s
2025-03-12 11:05:35,362 - app.main - INFO - Versao: 2.1.0
